<?xml version="1.0" encoding="UTF-8"?>
<testsuite xmlns:xsi="http://www.w3.org/2001/XMLSchema-instance" xsi:noNamespaceSchemaLocation="https://maven.apache.org/surefire/maven-surefire-plugin/xsd/surefire-test-report-3.0.xsd" version="3.0" name="com.estoque.SistemaEstoqueTest" time="0.061" tests="20" errors="0" skipped="0" failures="0">
  <properties>
[...]
</properties>
  <testcase name="testNaoCadastrarUsuarioDuplicado" classname="com.estoque.SistemaEstoqueTest" time="0.003"/>
  <testcase name="testNaoAlterarSenhaComSenhasDiferentes" classname="com.estoque.SistemaEstoqueTest" time="0.002"/>
  <testcase name="testNaoAlterarSenhaComSenhaAntigaIncorreta" classname="com.estoque.SistemaEstoqueTest" time="0.001"/>
  <testcase name="testAlterarSenhaComSucesso" classname="com.estoque.SistemaEstoqueTest" time="0.002"/>
  <testcase name="testNaoAlterarSenhaComNovaSenhaFraca" classname="com.estoque.SistemaEstoqueTest" time="0.002"/>
  <testcase name="testLogoutAposLogin" classname="com.estoque.SistemaEstoqueTest" time="0.002"/>
  <testcase name="testLoginResetaTentativasFalhas" classname="com.estoque.SistemaEstoqueTest" time="0.001"/>
  <testcase name="testCadastrarUsuarioComSucesso" classname="com.estoque.SistemaEstoqueTest" time="0.001"/>
  <testcase name="testNaoAlterarSenhaSemLogin" classname="com.estoque.SistemaEstoqueTest" time="0.002"/>
  <testcase name="testLoginComUsuarioInexistente" classname="com.estoque.SistemaEstoqueTest" time="0.002"/>
  <testcase name="testNaoCadastrarComNomeUsuarioVazio" classname="com.estoque.SistemaEstoqueTest" time="0.001"/>
  <testcase name="testLogoutSemUsuarioLogado" classname="com.estoque.SistemaEstoqueTest" time="0.001"/>
  <testcase name="testLoginComCredenciaisValidas" classname="com.estoque.SistemaEstoqueTest" time="0.002"/>
  <testcase name="testNaoCadastrarComCargoVazio" classname="com.estoque.SistemaEstoqueTest" time="0.002"/>
  <testcase name="testBloqueioApos3TentativasFalhas" classname="com.estoque.SistemaEstoqueTest" time="0.002"/>
  <testcase name="testNaoCadastrarComSenhasDiferentes" classname="com.estoque.SistemaEstoqueTest" time="0.001"/>
  <testcase name="testNaoCadastrarComSenhaFraca" classname="com.estoque.SistemaEstoqueTest" time="0.001"/>
  <testcase name="testLoginComSenhaIncorreta" classname="com.estoque.SistemaEstoqueTest" time="0.001"/>
  <testcase name="testNaoCadastrarComNomeCompletoVazio" classname="com.estoque.SistemaEstoqueTest" time="0.002"/>
  <testcase name="testLoginComCamposVazios" classname="com.estoque.SistemaEstoqueTest" time="0.005"/>
</testsuite>