<?xml version="1.0" encoding="UTF-8"?>
<testsuite xmlns:xsi="http://www.w3.org/2001/XMLSchema-instance" xsi:noNamespaceSchemaLocation="https://maven.apache.org/surefire/maven-surefire-plugin/xsd/surefire-test-report-3.0.xsd" version="3.0" name="com.estoque.RoupaTest" time="0.129" tests="32" errors="0" skipped="0" failures="0">
  <properties>
[...]
</properties>
  <testcase name="testBuscarMultiplasRoupasDoMesmoTamanho" classname="com.estoque.RoupaTest" time="0.033"/>
  <testcase name="testCadastrarRoupaComSucesso" classname="com.estoque.RoupaTest" time="0.001"/>
  <testcase name="testListarRoupasSemCadastro" classname="com.estoque.RoupaTest" time="0.002"/>
  <testcase name="testRemoverRoupaNaoAfetaOutras" classname="com.estoque.RoupaTest" time="0.002"/>
  <testcase name="testNaoEditarRoupaComCorVazia" classname="com.estoque.RoupaTest" time="0.001"/>
  <testcase name="testNaoEditarRoupaComDadosInvalidos" classname="com.estoque.RoupaTest" time="0.001"/>
  <testcase name="testBuscaPorNomeCaseInsensitive" classname="com.estoque.RoupaTest" time="0.001"/>
  <testcase name="testBuscarTamanhoSemRoupas" classname="com.estoque.RoupaTest" time="0.001"/>
  <testcase name="testBuscarRoupasPorTamanhoInexistente" classname="com.estoque.RoupaTest" time="0.001"/>
  <testcase name="testValidacaoComEspacosEmBranco" classname="com.estoque.RoupaTest" time="0.001"/>
  <testcase name="testNaoCadastrarRoupaComTamanhoVazio" classname="com.estoque.RoupaTest" time="0.001"/>
  <testcase name="testNaoEditarRoupaComTamanhoVazio" classname="com.estoque.RoupaTest" time="0.001"/>
  <testcase name="testEditarRoupaComSucesso" classname="com.estoque.RoupaTest" time="0.0"/>
  <testcase name="testNaoEditarRoupaInexistente" classname="com.estoque.RoupaTest" time="0.002"/>
  <testcase name="testListarTodasRoupas" classname="com.estoque.RoupaTest" time="0.002"/>
  <testcase name="testNaoCadastrarRoupaComNomeVazio" classname="com.estoque.RoupaTest" time="0.002"/>
  <testcase name="testNaoCadastrarRoupaComQuantidadeNegativa" classname="com.estoque.RoupaTest" time="0.001"/>
  <testcase name="testBuscarRoupaPorNomeSemResultados" classname="com.estoque.RoupaTest" time="0.001"/>
  <testcase name="testBuscarRoupasPorTamanhoExistente" classname="com.estoque.RoupaTest" time="0.001"/>
  <testcase name="testBuscarRoupaPorIdExistente" classname="com.estoque.RoupaTest" time="0.0"/>
  <testcase name="testBuscaPorTamanhoCaseInsensitive" classname="com.estoque.RoupaTest" time="0.0"/>
  <testcase name="testBuscarRoupasPorNome" classname="com.estoque.RoupaTest" time="0.001"/>
  <testcase name="testFluxoCompletoCRUD" classname="com.estoque.RoupaTest" time="0.001"/>
  <testcase name="testBuscarRoupaPorIdInexistente" classname="com.estoque.RoupaTest" time="0.001"/>
  <testcase name="testListarRoupasRetornaCopia" classname="com.estoque.RoupaTest" time="0.002"/>
  <testcase name="testNaoCadastrarRoupaComCorVazia" classname="com.estoque.RoupaTest" time="0.001"/>
  <testcase name="testIdsSequenciais" classname="com.estoque.RoupaTest" time="0.001"/>
  <testcase name="testBuscaPorNomeTermoParcial" classname="com.estoque.RoupaTest" time="0.001"/>
  <testcase name="testCadastrarRoupaComQuantidadeZero" classname="com.estoque.RoupaTest" time="0.001"/>
  <testcase name="testNaoEditarRoupaComQuantidadeNegativa" classname="com.estoque.RoupaTest" time="0.001"/>
  <testcase name="testNaoRemoverRoupaInexistente" classname="com.estoque.RoupaTest" time="0.001"/>
  <testcase name="testRemoverRoupaComSucesso" classname="com.estoque.RoupaTest" time="0.001"/>
</testsuite>